[2018-04-18 21:17:05] Ass1Logg.INFO: Requested info about: Småväxt enhörning [] []
[2018-04-18 21:17:26] Ass1Logg.INFO: Requested info about all unicorns [] []
[2018-04-18 21:17:48] Ass1Logg.INFO: Requested info about: Indisk enhörning [] []
[2018-04-18 21:18:39] Ass1Logg.INFO: Requested info about all unicorns [] []
[2018-04-18 21:18:46] Ass1Logg.INFO: Requested info about: Småväxt enhörning [] []
[2018-04-18 21:20:05] Ass1Logg.INFO: Requested info about: Småväxt enhörning [] []
[2018-04-18 21:20:42] Ass1Logg.INFO: Requested info about: Småväxt enhörning [] []
[2018-04-18 21:20:47] Ass1Logg.INFO: Requested info about: Småväxt enhörning [] []
[2018-04-18 21:20:54] Ass1Logg.INFO: Requested info about all unicorns [] []
[2018-04-18 21:21:04] Ass1Logg.INFO: Requested info about all unicorns [] []
[2018-04-18 21:21:55] Ass1Logg.INFO: Requested info about all unicorns [] []
[2018-04-18 21:22:06] Ass1Logg.INFO: Requested info about: Nordsvensk travhörning [] []
[2018-04-18 21:23:32] Ass1Logg.INFO: Requested info about: Nordsvensk travhörning [] []
[2018-04-18 21:23:40] Ass1Logg.INFO: Requested info about all unicorns [] []
[2018-04-18 21:23:43] Ass1Logg.INFO: Requested info about all unicorns [] []
[2018-04-18 21:23:47] Ass1Logg.INFO: Requested info about: Nordsvensk travhörning [] []
[2018-04-18 21:23:52] Ass1Logg.INFO: Requested info about all unicorns [] []
[2018-04-18 21:24:50] Ass1Logg.INFO: Requested info about all unicorns [] []
[2018-04-18 21:25:06] Ass1Logg.INFO: Requested info about: Nordsvensk travhörning [] []
[2018-04-18 21:25:10] Ass1Logg.INFO: Requested info about all unicorns [] []
[2018-04-18 21:25:25] Ass1Logg.INFO: Requested info about: Nattaktiv hornlöpare [] []
[2018-04-18 21:26:40] Ass1Logg.INFO: Requested info about: Nattaktiv hornlöpare [] []
[2018-04-18 21:26:47] Ass1Logg.INFO: Requested info about all unicorns [] []
[2018-04-18 21:28:19] Ass1Logg.INFO: Requested info about all unicorns [] []
[2018-04-18 21:28:28] Ass1Logg.INFO: Requested info about: Småväxt enhörning [] []
[2018-04-18 21:28:51] Ass1Logg.INFO: Requested info about all unicorns [] []
[2018-04-18 21:28:59] Ass1Logg.INFO: Requested info about: Nattaktiv hornlöpare [] []
[2018-04-18 21:29:08] Ass1Logg.INFO: Requested info about: Mulfläckad enhörning [] []
